<?xml version="1.0" encoding="UTF-8"?>
<!-- Generated by org.testng.reporters.JUnitReportReporter -->
<testsuite hostname="LAPTOP-1ATVOVSF" failures="0" tests="2" name="com.crm.qa.testcases.CouponsPageTest" time="31.104" errors="0" timestamp="2021-07-05T13:36:10 IST" skipped="0">
  <testcase classname="com.crm.qa.testcases.CouponsPageTest" name="verifyCouponsPageLabel" time="11.957"/>
  <system-out/>
  <testcase classname="com.crm.qa.testcases.CouponsPageTest" name="selectShopByCategoryTest" time="19.147"/>
  <system-out/>
</testsuite> <!-- com.crm.qa.testcases.CouponsPageTest -->
