<?xml version="1.0" encoding="UTF-8"?>
<!-- Generated by org.testng.reporters.JUnitReportReporter -->
<testsuite hostname="LAPTOP-1ATVOVSF" failures="0" tests="2" name="com.amazon.qa.testcases.CouponsPageTest" time="29.976" errors="0" timestamp="2021-07-05T17:06:40 IST" skipped="0">
  <testcase classname="com.amazon.qa.testcases.CouponsPageTest" name="verifyCouponsPageLabel" time="12.881"/>
  <system-out/>
  <testcase classname="com.amazon.qa.testcases.CouponsPageTest" name="selectShopByCategoryTest" time="17.095"/>
  <system-out/>
</testsuite> <!-- com.amazon.qa.testcases.CouponsPageTest -->
