<?xml version="1.0" encoding="UTF-8"?>
<!-- Generated by org.testng.reporters.JUnitReportReporter -->
<testsuite hostname="LAPTOP-1ATVOVSF" failures="0" tests="1" name="kk.hh" time="0.011" errors="0" timestamp="2021-07-04T22:21:32 IST" skipped="0">
  <testcase classname="kk.hh" name="helloTest" time="0.011"/>
  <system-out/>
</testsuite> <!-- kk.hh -->
