<?xml version="1.0" encoding="UTF-8"?>
<!-- Generated by org.testng.reporters.JUnitReportReporter -->
<testsuite hostname="LAPTOP-1ATVOVSF" failures="0" tests="3" name="com.crm.qa.testcases.HomePageTest" time="28.142" errors="0" timestamp="2021-07-05T13:04:55 IST" skipped="0">
  <testcase classname="com.crm.qa.testcases.HomePageTest" name="verifyHomePageTitleTest" time="8.373"/>
  <system-out/>
  <testcase classname="com.crm.qa.testcases.HomePageTest" name="verifyUserNameTest" time="8.003"/>
  <system-out/>
  <testcase classname="com.crm.qa.testcases.HomePageTest" name="verifyCouponsLinkTest" time="11.766"/>
  <system-out/>
</testsuite> <!-- com.crm.qa.testcases.HomePageTest -->
