<?xml version="1.0" encoding="UTF-8"?>
<!-- Generated by org.testng.reporters.JUnitReportReporter -->
<testsuite hostname="LAPTOP-1ATVOVSF" failures="0" tests="3" name="com.crm.qa.testcases.LoginPageTest" time="15.306" errors="0" timestamp="2021-07-05T10:19:46 IST" skipped="0">
  <testcase classname="com.crm.qa.testcases.LoginPageTest" name="loginPageTitleTest" time="3.879"/>
  <system-out/>
  <testcase classname="com.crm.qa.testcases.LoginPageTest" name="AmazonLogoImageTest" time="3.881"/>
  <system-out/>
  <testcase classname="com.crm.qa.testcases.LoginPageTest" name="loginTest" time="7.546"/>
  <system-out/>
</testsuite> <!-- com.crm.qa.testcases.LoginPageTest -->
