<?xml version="1.0" encoding="UTF-8"?>
<!-- Generated by org.testng.reporters.JUnitReportReporter -->
<testsuite hostname="LAPTOP-1ATVOVSF" failures="0" tests="3" name="com.amazon.qa.testcases.LoginPageTest" time="14.457" errors="0" timestamp="2021-07-05T17:06:40 IST" skipped="0">
  <testcase classname="com.amazon.qa.testcases.LoginPageTest" name="loginPageTitleTest" time="4.785"/>
  <system-out/>
  <testcase classname="com.amazon.qa.testcases.LoginPageTest" name="AmazonLogoImageTest" time="4.026"/>
  <system-out/>
  <testcase classname="com.amazon.qa.testcases.LoginPageTest" name="loginTest" time="5.646"/>
  <system-out/>
</testsuite> <!-- com.amazon.qa.testcases.LoginPageTest -->
