<?xml version="1.0" encoding="UTF-8"?>
<!-- Generated by org.testng.reporters.JUnitReportReporter -->
<testsuite hostname="LAPTOP-1ATVOVSF" failures="0" tests="4" name="com.amazon.qa.testcases.HomePageTest" time="41.323" errors="0" timestamp="2021-07-05T17:09:46 IST" skipped="0">
  <testcase classname="com.amazon.qa.testcases.HomePageTest" name="verifyHomePageTitleTest" time="10.900"/>
  <system-out/>
  <testcase classname="com.amazon.qa.testcases.HomePageTest" name="verifyRecommendations" time="10.911"/>
  <system-out/>
  <testcase classname="com.amazon.qa.testcases.HomePageTest" name="verifyUserNameTest" time="8.222"/>
  <system-out/>
  <testcase classname="com.amazon.qa.testcases.HomePageTest" name="verifyCouponsLinkTest" time="11.290"/>
  <system-out/>
</testsuite> <!-- com.amazon.qa.testcases.HomePageTest -->
